0 info it worked if it ends with ok
1 verbose cli [ '/usr/local/bin/node',
1 verbose cli   '/usr/local/bin/npm',
1 verbose cli   'run-script',
1 verbose cli   'dev' ]
2 info using npm@3.3.12
3 info using node@v5.4.1
4 verbose run-script [ 'predev', 'dev', 'postdev' ]
5 info lifecycle AppJS@0.0.1~predev: AppJS@0.0.1
6 silly lifecycle AppJS@0.0.1~predev: no script for predev, continuing
7 info lifecycle AppJS@0.0.1~dev: AppJS@0.0.1
8 verbose lifecycle AppJS@0.0.1~dev: unsafe-perm in lifecycle true
9 verbose lifecycle AppJS@0.0.1~dev: PATH: /usr/local/lib/node_modules/npm/bin/node-gyp-bin:/home/wesley/workspace/wesley/mean-jwt-authentication/node_modules/.bin:/bin:/opt/apache-ant-1.8.4/bin:/opt/apache-maven/apache-maven-3.0.4/bin:/opt/jdk1.8.0_45/bin:/home/wesley/bin:/home/wesley/.rvm/gems/ruby-2.2.0/bin:/home/wesley/.rvm/gems/ruby-2.2.0@global/bin:/home/wesley/.rvm/rubies/ruby-2.2.0/bin:/usr/local/sbin:/usr/local/bin:/usr/sbin:/usr/bin:/sbin:/bin:/usr/games:/usr/local/games:/home/wesley/.rvm/bin:/home/wesley/.rvm/bin
10 verbose lifecycle AppJS@0.0.1~dev: CWD: /home/wesley/workspace/wesley/mean-jwt-authentication
11 silly lifecycle AppJS@0.0.1~dev: Args: [ '-c', 'NODE_ENV=production node ./bin/www' ]
12 silly lifecycle AppJS@0.0.1~dev: Returned: code: 1  signal: null
13 info lifecycle AppJS@0.0.1~dev: Failed to exec dev script
14 verbose stack Error: AppJS@0.0.1 dev: `NODE_ENV=production node ./bin/www`
14 verbose stack Exit status 1
14 verbose stack     at EventEmitter.<anonymous> (/usr/local/lib/node_modules/npm/lib/utils/lifecycle.js:232:16)
14 verbose stack     at emitTwo (events.js:87:13)
14 verbose stack     at EventEmitter.emit (events.js:172:7)
14 verbose stack     at ChildProcess.<anonymous> (/usr/local/lib/node_modules/npm/lib/utils/spawn.js:24:14)
14 verbose stack     at emitTwo (events.js:87:13)
14 verbose stack     at ChildProcess.emit (events.js:172:7)
14 verbose stack     at maybeClose (internal/child_process.js:821:16)
14 verbose stack     at Process.ChildProcess._handle.onexit (internal/child_process.js:211:5)
15 verbose pkgid AppJS@0.0.1
16 verbose cwd /home/wesley/workspace/wesley/mean-jwt-authentication
17 error Linux 3.16.0-60-generic
18 error argv "/usr/local/bin/node" "/usr/local/bin/npm" "run-script" "dev"
19 error node v5.4.1
20 error npm  v3.3.12
21 error code ELIFECYCLE
22 error AppJS@0.0.1 dev: `NODE_ENV=production node ./bin/www`
22 error Exit status 1
23 error Failed at the AppJS@0.0.1 dev script 'NODE_ENV=production node ./bin/www'.
23 error Make sure you have the latest version of node.js and npm installed.
23 error If you do, this is most likely a problem with the AppJS package,
23 error not with npm itself.
23 error Tell the author that this fails on your system:
23 error     NODE_ENV=production node ./bin/www
23 error You can get their info via:
23 error     npm owner ls AppJS
23 error There is likely additional logging output above.
24 verbose exit [ 1, true ]
